[debug] [2023-12-08T15:33:50.490Z] ----------------------------------------------------------------------
[debug] [2023-12-08T15:33:50.492Z] Command:       C:\Program Files\nodejs\node.exe C:\Users\kimgi\AppData\Roaming\npm\node_modules\firebase-tools\lib\bin\firebase.js deploy
[debug] [2023-12-08T15:33:50.493Z] CLI Version:   12.9.1
[debug] [2023-12-08T15:33:50.493Z] Platform:      win32
[debug] [2023-12-08T15:33:50.493Z] Node Version:  v18.18.2
[debug] [2023-12-08T15:33:50.494Z] Time:          Fri Dec 08 2023 22:33:50 GMT+0700 (Indochina Time)
[debug] [2023-12-08T15:33:50.494Z] ----------------------------------------------------------------------
[debug] 
[debug] [2023-12-08T15:33:50.498Z] >>> [apiv2][query] GET https://firebase-public.firebaseio.com/cli.json [none]
[debug] [2023-12-08T15:33:50.626Z] > command requires scopes: ["email","openid","https://www.googleapis.com/auth/cloudplatformprojects.readonly","https://www.googleapis.com/auth/firebase","https://www.googleapis.com/auth/cloud-platform"]
[debug] [2023-12-08T15:33:50.627Z] > authorizing via signed-in user (kimgiabao3333@gmail.com)
[debug] [2023-12-08T15:33:50.627Z] [iam] checking project dacnpm-cf75b for permissions ["firebase.projects.get","firebasehosting.sites.update"]
[debug] [2023-12-08T15:33:50.628Z] > refreshing access token with scopes: []
[debug] [2023-12-08T15:33:50.628Z] >>> [apiv2][query] POST https://www.googleapis.com/oauth2/v3/token [none]
[debug] [2023-12-08T15:33:50.629Z] >>> [apiv2][body] POST https://www.googleapis.com/oauth2/v3/token [omitted]
[debug] [2023-12-08T15:33:50.873Z] <<< [apiv2][status] POST https://www.googleapis.com/oauth2/v3/token 200
[debug] [2023-12-08T15:33:50.873Z] <<< [apiv2][body] POST https://www.googleapis.com/oauth2/v3/token [omitted]
[debug] [2023-12-08T15:33:50.880Z] >>> [apiv2][query] POST https://cloudresourcemanager.googleapis.com/v1/projects/dacnpm-cf75b:testIamPermissions [none]
[debug] [2023-12-08T15:33:50.880Z] >>> [apiv2][(partial)header] POST https://cloudresourcemanager.googleapis.com/v1/projects/dacnpm-cf75b:testIamPermissions x-goog-quota-user=projects/dacnpm-cf75b
[debug] [2023-12-08T15:33:50.880Z] >>> [apiv2][body] POST https://cloudresourcemanager.googleapis.com/v1/projects/dacnpm-cf75b:testIamPermissions {"permissions":["firebase.projects.get","firebasehosting.sites.update"]}
[debug] [2023-12-08T15:33:51.159Z] <<< [apiv2][status] GET https://firebase-public.firebaseio.com/cli.json 200
[debug] [2023-12-08T15:33:51.159Z] <<< [apiv2][body] GET https://firebase-public.firebaseio.com/cli.json {"cloudBuildErrorAfter":1594252800000,"cloudBuildWarnAfter":1590019200000,"defaultNode10After":1594252800000,"minVersion":"3.0.5","node8DeploysDisabledAfter":1613390400000,"node8RuntimeDisabledAfter":1615809600000,"node8WarnAfter":1600128000000}
[debug] [2023-12-08T15:33:51.899Z] <<< [apiv2][status] POST https://cloudresourcemanager.googleapis.com/v1/projects/dacnpm-cf75b:testIamPermissions 200
[debug] [2023-12-08T15:33:51.899Z] <<< [apiv2][body] POST https://cloudresourcemanager.googleapis.com/v1/projects/dacnpm-cf75b:testIamPermissions {"permissions":["firebase.projects.get","firebasehosting.sites.update"]}
[debug] [2023-12-08T15:33:51.900Z] >>> [apiv2][query] GET https://firebase.googleapis.com/v1beta1/projects/dacnpm-cf75b [none]
[debug] [2023-12-08T15:33:52.324Z] <<< [apiv2][status] GET https://firebase.googleapis.com/v1beta1/projects/dacnpm-cf75b 200
[debug] [2023-12-08T15:33:52.325Z] <<< [apiv2][body] GET https://firebase.googleapis.com/v1beta1/projects/dacnpm-cf75b {"projectId":"dacnpm-cf75b","projectNumber":"907728823111","displayName":"DACNPM","name":"projects/dacnpm-cf75b","resources":{"hostingSite":"dacnpm-cf75b"},"state":"ACTIVE","etag":"1_cfe7da62-cdfe-4561-902f-63b30963804b"}
[info] 
[info] === Deploying to 'dacnpm-cf75b'...
[info] 
[info] i  deploying hosting 
[debug] [2023-12-08T15:33:52.334Z] >>> [apiv2][query] POST https://firebasehosting.googleapis.com/v1beta1/projects/-/sites/dacnpm-cf75b/versions [none]
[debug] [2023-12-08T15:33:52.334Z] >>> [apiv2][body] POST https://firebasehosting.googleapis.com/v1beta1/projects/-/sites/dacnpm-cf75b/versions {"status":"CREATED","labels":{"deployment-tool":"cli-firebase"}}
[debug] [2023-12-08T15:33:53.481Z] <<< [apiv2][status] POST https://firebasehosting.googleapis.com/v1beta1/projects/-/sites/dacnpm-cf75b/versions 200
[debug] [2023-12-08T15:33:53.481Z] <<< [apiv2][body] POST https://firebasehosting.googleapis.com/v1beta1/projects/-/sites/dacnpm-cf75b/versions {"name":"projects/907728823111/sites/dacnpm-cf75b/versions/04312d9d2e62def6","status":"CREATED","config":{},"labels":{"deployment-tool":"cli-firebase"}}
[info] i  hosting[dacnpm-cf75b]: beginning deploy... 
[info] i  hosting[dacnpm-cf75b]: found 28 files in build 
[debug] [2023-12-08T15:33:53.638Z] [hosting] uploading with 200 concurrency
[debug] [2023-12-08T15:33:54.344Z] [hosting] hash cache [YnVpbGQ] stored for 28 files
[debug] [2023-12-08T15:33:54.344Z] [hosting][hash queue][FINAL] {"max":690,"min":5,"avg":36,"active":0,"complete":28,"success":28,"errored":0,"retried":0,"total":28,"elapsed":701}
[debug] [2023-12-08T15:33:54.345Z] >>> [apiv2][query] POST https://firebasehosting.googleapis.com/v1beta1/projects/907728823111/sites/dacnpm-cf75b/versions/04312d9d2e62def6:populateFiles [none]
[debug] [2023-12-08T15:33:54.345Z] >>> [apiv2][body] POST https://firebasehosting.googleapis.com/v1beta1/projects/907728823111/sites/dacnpm-cf75b/versions/04312d9d2e62def6:populateFiles {"files":{"/apple-touch-icon.png":"d75b996b49e1823d553ee3b4abae9b68bea146a4fd06974a41de108c342c0c87","/favicon-16x16.png":"16a42fcdaf5304b002e9cb950e7ceb34d503ee72cb54bf52364b747ff8992b06","/favicon-32x32.png":"3e21115520721669bab09b8e004ad4cff7c3f66b071bac9250882a248fedeea8","/favicon.ico":"5a37dce42044efe20ae629242b90e283bac0437d612b12449b7e150215ff3de4","/style.css":"2c4c0e0f9250405874d77bd31f4a581297a2458d2924b2615e360a9a86255220","/assets/button-circle-round-delete-x-svgrepo-com.svg":"5fdfaa1ea21c2800cde20f0243908b631422dd0711e4b363c9d3bead8f339328","/assets/button-error-svgrepo-com.svg":"8bfe450111e7a7c97cce7a7dabffc7fec91a418c68e10c80eedd9b270bf4d588","/assets/comment-normal.svg":"1060f2b3b7b90adb98711ae08bfdd151dd5e6e264c9ebc77f005864bc8ff65d0","/assets/comment-rainbow.svg":"dbd586f077db6aa323f0e5dae50eee0478e5feb73427a6f40bc3818cae75d823","/assets/delete-svgrepo-com.svg":"e32ada83d4ff8ac2153c548e32a913d36ca4db504d39b65e9445ca2ae2456beb","/assets/Delete.svg":"28eb9b73432a20eb47a7177d9837808075423544bbed0a6c4d9e364c38e84bb4","/assets/edit-svgrepo-com.svg":"6206f16ec846e049fd029513af17d0d3e186b084c3eb6c1e237466528c783c7b","/assets/error-404.png":"263e31ef87b4f140dd8d70ba6e4d6cfffb1b0f8ed1b69a941106774a99501b7b","/assets/Noti.svg":"fabf2eb38c292871b7c34dcc530d59371be4120f394d6f1c83ac6ab50c32a7bc","/assets/send-alt-1-svgrepo-com.svg":"08dd1abae19138127ebc9e0386ea14207f9bcf793b82db725685049c848c656a","/assets/avatar/avatar.png":"324a4d0d74d8f43c022fe9f5872a33a29fe58898fa0664a224d1f5c553c5f58c","/assets/logo/logo.svg":"bd39f90355fbc982f07874b569894cdd08e797f0e4063f57035106275ee4d46d","/index.html":"24e240252ea10af3db4559748b7225c870a84bdc0f823171734ec59f5a4ed77e","/asset-manifest.json":"79ef12a25b7467d1aced8a9a6800dda96ae0f2a2f87c08a598cd853aacfea1fe","/static/css/main.7d9734b7.css":"480013b65722ed5778f5cab59f0d52a4b05d2ab149d17f99461be002af4308e1","/static/js/main.b4a7a90b.js.LICENSE.txt":"99622d4426d4d86c1c8ac7595c1734e4690cb45d696f5aa01c6395343257a49c","/static/media/slick.2630a3e3eab21c607e21.svg":"d00477d40ed40fa1dd3bdee27d9286804121b15fea83bae7d5415d902b055de0","/static/media/slick.295183786cd8a1389865.woff":"029a727c9e1081d2f9e1015f02f18da88f268512ea4f58589a6f17f532928530","/static/media/slick.a4e97f5a2a64f0ab1323.eot":"52b9a169969e053d43df6bd21c4dc789c2518d99afd8590a17ef50cd24c77cf6","/static/media/slick.c94f7671dcc99dce43e2.ttf":"6aad751007cf9a89350af287f824ab64f096c472c7c9c679fb3d55b6174fc004","/static/css/main.7d9734b7.css.map":"20d9dd5e60a8fa6850348a4cadea6a5db7934824d609ae305ebc30c0cd345a26","/static/js/main.b4a7a90b.js":"2b3773a854a8509bd9f1ebe5dbdeb71f29efed2b60e7e9cee7275f357d4848f7","/static/js/main.b4a7a90b.js.map":"c8486b60b2821b7a5200240e42426f23b6a0f3187acdb4da6fb05eb37de23548"}}
[debug] [2023-12-08T15:33:55.051Z] <<< [apiv2][status] POST https://firebasehosting.googleapis.com/v1beta1/projects/907728823111/sites/dacnpm-cf75b/versions/04312d9d2e62def6:populateFiles 200
[debug] [2023-12-08T15:33:55.051Z] <<< [apiv2][body] POST https://firebasehosting.googleapis.com/v1beta1/projects/907728823111/sites/dacnpm-cf75b/versions/04312d9d2e62def6:populateFiles {"uploadRequiredHashes":["24e240252ea10af3db4559748b7225c870a84bdc0f823171734ec59f5a4ed77e","2b3773a854a8509bd9f1ebe5dbdeb71f29efed2b60e7e9cee7275f357d4848f7","79ef12a25b7467d1aced8a9a6800dda96ae0f2a2f87c08a598cd853aacfea1fe","c8486b60b2821b7a5200240e42426f23b6a0f3187acdb4da6fb05eb37de23548"],"uploadUrl":"https://upload-firebasehosting.googleapis.com/upload/sites/dacnpm-cf75b/versions/04312d9d2e62def6/files"}
[debug] [2023-12-08T15:33:55.052Z] >>> [apiv2][query] POST https://upload-firebasehosting.googleapis.com/upload/sites/dacnpm-cf75b/versions/04312d9d2e62def6/files/24e240252ea10af3db4559748b7225c870a84bdc0f823171734ec59f5a4ed77e [none]
[debug] [2023-12-08T15:33:55.052Z] >>> [apiv2][body] POST https://upload-firebasehosting.googleapis.com/upload/sites/dacnpm-cf75b/versions/04312d9d2e62def6/files/24e240252ea10af3db4559748b7225c870a84bdc0f823171734ec59f5a4ed77e [stream]
[debug] [2023-12-08T15:33:55.054Z] >>> [apiv2][query] POST https://upload-firebasehosting.googleapis.com/upload/sites/dacnpm-cf75b/versions/04312d9d2e62def6/files/2b3773a854a8509bd9f1ebe5dbdeb71f29efed2b60e7e9cee7275f357d4848f7 [none]
[debug] [2023-12-08T15:33:55.054Z] >>> [apiv2][body] POST https://upload-firebasehosting.googleapis.com/upload/sites/dacnpm-cf75b/versions/04312d9d2e62def6/files/2b3773a854a8509bd9f1ebe5dbdeb71f29efed2b60e7e9cee7275f357d4848f7 [stream]
[debug] [2023-12-08T15:33:55.057Z] >>> [apiv2][query] POST https://upload-firebasehosting.googleapis.com/upload/sites/dacnpm-cf75b/versions/04312d9d2e62def6/files/79ef12a25b7467d1aced8a9a6800dda96ae0f2a2f87c08a598cd853aacfea1fe [none]
[debug] [2023-12-08T15:33:55.057Z] >>> [apiv2][body] POST https://upload-firebasehosting.googleapis.com/upload/sites/dacnpm-cf75b/versions/04312d9d2e62def6/files/79ef12a25b7467d1aced8a9a6800dda96ae0f2a2f87c08a598cd853aacfea1fe [stream]
[debug] [2023-12-08T15:33:55.058Z] >>> [apiv2][query] POST https://upload-firebasehosting.googleapis.com/upload/sites/dacnpm-cf75b/versions/04312d9d2e62def6/files/c8486b60b2821b7a5200240e42426f23b6a0f3187acdb4da6fb05eb37de23548 [none]
[debug] [2023-12-08T15:33:55.058Z] >>> [apiv2][body] POST https://upload-firebasehosting.googleapis.com/upload/sites/dacnpm-cf75b/versions/04312d9d2e62def6/files/c8486b60b2821b7a5200240e42426f23b6a0f3187acdb4da6fb05eb37de23548 [stream]
[debug] [2023-12-08T15:33:55.060Z] [hosting][populate queue][FINAL] {"max":710,"min":710,"avg":710,"active":0,"complete":1,"success":1,"errored":0,"retried":0,"total":1,"elapsed":718}
[debug] [2023-12-08T15:33:55.060Z] [hosting] uploads queued: 4
[debug] [2023-12-08T15:33:56.324Z] <<< [apiv2][status] POST https://upload-firebasehosting.googleapis.com/upload/sites/dacnpm-cf75b/versions/04312d9d2e62def6/files/24e240252ea10af3db4559748b7225c870a84bdc0f823171734ec59f5a4ed77e 200
[debug] [2023-12-08T15:33:56.325Z] <<< [apiv2][body] POST https://upload-firebasehosting.googleapis.com/upload/sites/dacnpm-cf75b/versions/04312d9d2e62def6/files/24e240252ea10af3db4559748b7225c870a84bdc0f823171734ec59f5a4ed77e [stream]
[debug] [2023-12-08T15:33:56.413Z] <<< [apiv2][status] POST https://upload-firebasehosting.googleapis.com/upload/sites/dacnpm-cf75b/versions/04312d9d2e62def6/files/2b3773a854a8509bd9f1ebe5dbdeb71f29efed2b60e7e9cee7275f357d4848f7 200
[debug] [2023-12-08T15:33:56.413Z] <<< [apiv2][body] POST https://upload-firebasehosting.googleapis.com/upload/sites/dacnpm-cf75b/versions/04312d9d2e62def6/files/2b3773a854a8509bd9f1ebe5dbdeb71f29efed2b60e7e9cee7275f357d4848f7 [stream]
[debug] [2023-12-08T15:33:56.497Z] <<< [apiv2][status] POST https://upload-firebasehosting.googleapis.com/upload/sites/dacnpm-cf75b/versions/04312d9d2e62def6/files/79ef12a25b7467d1aced8a9a6800dda96ae0f2a2f87c08a598cd853aacfea1fe 200
[debug] [2023-12-08T15:33:56.497Z] <<< [apiv2][body] POST https://upload-firebasehosting.googleapis.com/upload/sites/dacnpm-cf75b/versions/04312d9d2e62def6/files/79ef12a25b7467d1aced8a9a6800dda96ae0f2a2f87c08a598cd853aacfea1fe [stream]
[debug] [2023-12-08T15:33:57.655Z] <<< [apiv2][status] POST https://upload-firebasehosting.googleapis.com/upload/sites/dacnpm-cf75b/versions/04312d9d2e62def6/files/c8486b60b2821b7a5200240e42426f23b6a0f3187acdb4da6fb05eb37de23548 200
[debug] [2023-12-08T15:33:57.655Z] <<< [apiv2][body] POST https://upload-firebasehosting.googleapis.com/upload/sites/dacnpm-cf75b/versions/04312d9d2e62def6/files/c8486b60b2821b7a5200240e42426f23b6a0f3187acdb4da6fb05eb37de23548 [stream]
[debug] [2023-12-08T15:33:57.656Z] [hosting][upload queue][FINAL] {"max":2603,"min":1274,"avg":1670.75,"active":0,"complete":4,"success":4,"errored":0,"retried":0,"total":4,"elapsed":2605}
[info] +  hosting[dacnpm-cf75b]: file upload complete 
[debug] [2023-12-08T15:33:57.657Z] [hosting] deploy completed after 4033ms
[debug] [2023-12-08T15:33:57.657Z] [
  {
    "config": {
      "public": "build",
      "ignore": [
        "firebase.json",
        "**/.*",
        "**/node_modules/**"
      ],
      "rewrites": [
        {
          "source": "**",
          "destination": "/index.html"
        }
      ],
      "site": "dacnpm-cf75b"
    },
    "version": "projects/907728823111/sites/dacnpm-cf75b/versions/04312d9d2e62def6"
  }
]
[info] i  hosting[dacnpm-cf75b]: finalizing version... 
[debug] [2023-12-08T15:33:57.660Z] >>> [apiv2][query] PATCH https://firebasehosting.googleapis.com/v1beta1/projects/-/sites/dacnpm-cf75b/versions/04312d9d2e62def6 updateMask=status%2Cconfig
[debug] [2023-12-08T15:33:57.660Z] >>> [apiv2][body] PATCH https://firebasehosting.googleapis.com/v1beta1/projects/-/sites/dacnpm-cf75b/versions/04312d9d2e62def6 {"status":"FINALIZED","config":{"rewrites":[{"glob":"**","path":"/index.html"}]}}
[debug] [2023-12-08T15:34:00.373Z] <<< [apiv2][status] PATCH https://firebasehosting.googleapis.com/v1beta1/projects/-/sites/dacnpm-cf75b/versions/04312d9d2e62def6 200
[debug] [2023-12-08T15:34:00.373Z] <<< [apiv2][body] PATCH https://firebasehosting.googleapis.com/v1beta1/projects/-/sites/dacnpm-cf75b/versions/04312d9d2e62def6 {"name":"projects/907728823111/sites/dacnpm-cf75b/versions/04312d9d2e62def6","status":"FINALIZED","config":{"rewrites":[{"glob":"**","path":"/index.html"}]},"labels":{"deployment-tool":"cli-firebase"},"createTime":"2023-12-08T15:33:59.011973Z","createUser":{"email":"kimgiabao3333@gmail.com"},"finalizeTime":"2023-12-08T15:34:05.297810Z","finalizeUser":{"email":"kimgiabao3333@gmail.com"}}
[debug] [2023-12-08T15:34:00.373Z] [hosting] finalized version for dacnpm-cf75b:[object Object]
[info] +  hosting[dacnpm-cf75b]: version finalized 
[info] i  hosting[dacnpm-cf75b]: releasing new version... 
[debug] [2023-12-08T15:34:00.374Z] >>> [apiv2][query] POST https://firebasehosting.googleapis.com/v1beta1/projects/-/sites/dacnpm-cf75b/channels/live/releases versionName=projects%2F907728823111%2Fsites%2Fdacnpm-cf75b%2Fversions%2F04312d9d2e62def6
[debug] [2023-12-08T15:34:00.374Z] >>> [apiv2][body] POST https://firebasehosting.googleapis.com/v1beta1/projects/-/sites/dacnpm-cf75b/channels/live/releases {}
[debug] [2023-12-08T15:34:01.847Z] <<< [apiv2][status] POST https://firebasehosting.googleapis.com/v1beta1/projects/-/sites/dacnpm-cf75b/channels/live/releases 200
[debug] [2023-12-08T15:34:01.847Z] <<< [apiv2][body] POST https://firebasehosting.googleapis.com/v1beta1/projects/-/sites/dacnpm-cf75b/channels/live/releases {"name":"projects/907728823111/sites/dacnpm-cf75b/channels/live/releases/1702049646646000","version":{"name":"projects/907728823111/sites/dacnpm-cf75b/versions/04312d9d2e62def6","status":"FINALIZED","config":{"rewrites":[{"glob":"**","path":"/index.html"}]},"labels":{"deployment-tool":"cli-firebase"},"createTime":"2023-12-08T15:33:59.011973Z","createUser":{"email":"kimgiabao3333@gmail.com","imageUrl":"https://lh3.googleusercontent.com/a/ACg8ocIywkwAXvu9L4YOAD3H79DSrmDu0L_n78L9jwjEBoLP=mo"},"finalizeTime":"2023-12-08T15:34:05.297810Z","finalizeUser":{"email":"kimgiabao3333@gmail.com","imageUrl":"https://lh3.googleusercontent.com/a/ACg8ocIywkwAXvu9L4YOAD3H79DSrmDu0L_n78L9jwjEBoLP=mo"}},"type":"DEPLOY","releaseTime":"2023-12-08T15:34:06.646Z","releaseUser":{"email":"kimgiabao3333@gmail.com","imageUrl":"https://lh3.googleusercontent.com/a/ACg8ocIywkwAXvu9L4YOAD3H79DSrmDu0L_n78L9jwjEBoLP=mo"}}
[debug] [2023-12-08T15:34:01.847Z] [hosting] release: {"name":"projects/907728823111/sites/dacnpm-cf75b/channels/live/releases/1702049646646000","version":{"name":"projects/907728823111/sites/dacnpm-cf75b/versions/04312d9d2e62def6","status":"FINALIZED","config":{"rewrites":[{"glob":"**","path":"/index.html"}]},"labels":{"deployment-tool":"cli-firebase"},"createTime":"2023-12-08T15:33:59.011973Z","createUser":{"email":"kimgiabao3333@gmail.com","imageUrl":"https://lh3.googleusercontent.com/a/ACg8ocIywkwAXvu9L4YOAD3H79DSrmDu0L_n78L9jwjEBoLP=mo"},"finalizeTime":"2023-12-08T15:34:05.297810Z","finalizeUser":{"email":"kimgiabao3333@gmail.com","imageUrl":"https://lh3.googleusercontent.com/a/ACg8ocIywkwAXvu9L4YOAD3H79DSrmDu0L_n78L9jwjEBoLP=mo"}},"type":"DEPLOY","releaseTime":"2023-12-08T15:34:06.646Z","releaseUser":{"email":"kimgiabao3333@gmail.com","imageUrl":"https://lh3.googleusercontent.com/a/ACg8ocIywkwAXvu9L4YOAD3H79DSrmDu0L_n78L9jwjEBoLP=mo"}}
[info] +  hosting[dacnpm-cf75b]: release complete 
[info] 
[info] +  Deploy complete! 
[info] 
[info] Project Console: https://console.firebase.google.com/project/dacnpm-cf75b/overview
[info] Hosting URL: https://dacnpm-cf75b.web.app
[debug] [2023-12-08T15:34:32.930Z] Error: Timed out.
    at Timeout._onTimeout (C:\Users\kimgi\AppData\Roaming\npm\node_modules\firebase-tools\lib\utils.js:254:49)
    at listOnTimeout (node:internal/timers:569:17)
    at process.processTimers (node:internal/timers:512:7)
[error] 
[error] Error: An unexpected error has occurred.
